C:\USERS\LAMOS\DOCUMENTS\VISUAL STUDIO 2012\PROJECTS\STRING CLASS\STRING CLASS\DEBUG\MAIN.OBJ
C:\USERS\LAMOS\DOCUMENTS\VISUAL STUDIO 2012\PROJECTS\STRING CLASS\STRING CLASS\DEBUG\MYSTRING.OBJ
C:\USERS\LAMOS\DOCUMENTS\VISUAL STUDIO 2012\PROJECTS\STRING CLASS\STRING CLASS\DEBUG\VC110.PDB
C:\USERS\LAMOS\DOCUMENTS\VISUAL STUDIO 2012\PROJECTS\STRING CLASS\DEBUG\STRING CLASS.ILK
C:\USERS\LAMOS\DOCUMENTS\VISUAL STUDIO 2012\PROJECTS\STRING CLASS\DEBUG\STRING CLASS.EXE
C:\USERS\LAMOS\DOCUMENTS\VISUAL STUDIO 2012\PROJECTS\STRING CLASS\DEBUG\STRING CLASS.PDB
C:\Users\lamos\Documents\Visual Studio 2012\Projects\string class\string class\Debug\main.obj
C:\Users\lamos\Documents\Visual Studio 2012\Projects\string class\string class\Debug\MyString.obj
C:\Users\lamos\Documents\Visual Studio 2012\Projects\string class\string class\Debug\cl.command.1.tlog
C:\Users\lamos\Documents\Visual Studio 2012\Projects\string class\string class\Debug\CL.read.1.tlog
C:\Users\lamos\Documents\Visual Studio 2012\Projects\string class\string class\Debug\CL.write.1.tlog
C:\Users\lamos\Documents\Visual Studio 2012\Projects\string class\string class\Debug\link-cvtres.read.1.tlog
C:\Users\lamos\Documents\Visual Studio 2012\Projects\string class\string class\Debug\link-cvtres.write.1.tlog
C:\Users\lamos\Documents\Visual Studio 2012\Projects\string class\string class\Debug\link-rc.read.1.tlog
C:\Users\lamos\Documents\Visual Studio 2012\Projects\string class\string class\Debug\link-rc.write.1.tlog
C:\Users\lamos\Documents\Visual Studio 2012\Projects\string class\string class\Debug\link.command.1.tlog
C:\Users\lamos\Documents\Visual Studio 2012\Projects\string class\string class\Debug\link.read.1.tlog
C:\Users\lamos\Documents\Visual Studio 2012\Projects\string class\string class\Debug\link.write.1.tlog
C:\Users\lamos\Documents\Visual Studio 2012\Projects\string class\string class\Debug\vc110.idb
C:\Users\lamos\Documents\Visual Studio 2012\Projects\string class\string class\Debug\vc110.pdb
C:\Users\lamos\Documents\Visual Studio 2012\Projects\string class\Debug\string class.pdb
C:\Users\lamos\Documents\Visual Studio 2012\Projects\string class\Debug\string class.exe
C:\Users\lamos\Documents\Visual Studio 2012\Projects\string class\Debug\string class.ilk
